[debug] ----------------------------------------------------------------------
[debug] Command:      C:\Program Files\nodejs\node.exe C:\Users\Dan\AppData\Roaming\npm\node_modules\firebase-tools\bin\firebase serve
[debug] CLI Version:  3.1.0
[debug] Platform:     win32
[debug] Node Version: v4.6.1
[debug] Time:         Tue Nov 15 2016 16:55:15 GMT-0700 (Mountain Standard Time)
[debug] ----------------------------------------------------------------------
[debug] 
[info] Starting Firebase development server...
[info] 
[info] Project Directory: D:\Documents\School\Udacity\firebase-application
[info] Public Directory: public
[info] 
[info] Server listening at: http://localhost:5000
[debug] ----------------------------------------------------------------------
[debug] Command:      C:\Program Files\nodejs\node.exe C:\Users\Dan\AppData\Roaming\npm\node_modules\firebase-tools\bin\firebase serve
[debug] CLI Version:  3.1.0
[debug] Platform:     win32
[debug] Node Version: v4.6.1
[debug] Time:         Tue Nov 15 2016 20:19:22 GMT-0700 (Mountain Standard Time)
[debug] ----------------------------------------------------------------------
[debug] 
[info] Starting Firebase development server...
[info] 
[info] Project Directory: D:\Documents\School\Udacity\firebase-application
[info] Public Directory: public
[info] 
[info] Server listening at: http://localhost:5000
[debug] ----------------------------------------------------------------------
[debug] Command:      C:\Program Files\nodejs\node.exe C:\Users\Dan\AppData\Roaming\npm\node_modules\firebase-tools\bin\firebase serve
[debug] CLI Version:  3.1.0
[debug] Platform:     win32
[debug] Node Version: v4.6.1
[debug] Time:         Tue Nov 15 2016 21:13:43 GMT-0700 (Mountain Standard Time)
[debug] ----------------------------------------------------------------------
[debug] 
[info] Starting Firebase development server...
[info] 
[info] Project Directory: D:\Documents\School\Udacity\firebase-application
[info] Public Directory: public
[info] 
[info] Server listening at: http://localhost:5000
